TITLE : Simple Cantilever Beam Test with 1x2 Q4 Elements
        (23:23:32 on June 12, 2025, Thursday)

C O N T R O L   I N F O R M A T I O N

      NUMBER OF NODAL POINTS . . . . . . . . . . (NUMNP)  =     6
      NUMBER OF ELEMENT GROUPS . . . . . . . . . (NUMEG)  =     1
      NUMBER OF LOAD CASES . . . . . . . . . . . (NLCASE) =     1
      SOLUTION MODE  . . . . . . . . . . . . . . (MODEX)  =     1
         EQ.0, DATA CHECK
         EQ.1, EXECUTION

 N O D A L   P O I N T   D A T A

    NODE       BOUNDARY                         NODAL POINT
   NUMBER  CONDITION  CODES                     COORDINATES
        1    1    1    1       0.00000e+00    0.00000e+00    0.00000e+00
        2    0    0    1       5.00000e+00    0.00000e+00    0.00000e+00
        3    0    0    1       1.00000e+01    0.00000e+00    0.00000e+00
        4    1    1    1       0.00000e+00    1.00000e+00    0.00000e+00
        5    0    0    1       5.00000e+00    1.00000e+00    0.00000e+00
        6    0    0    1       1.00000e+01    1.00000e+00    0.00000e+00

 EQUATION NUMBERS

   NODE NUMBER   DEGREES OF FREEDOM
        N           X    Y    Z
        1           0    0    0
        2           1    2    0
        3           3    4    0
        4           0    0    0
        5           5    6    0
        6           7    8    0

 L O A D   C A S E   D A T A

     LOAD CASE NUMBER . . . . . . . =     1
     NUMBER OF CONCENTRATED LOADS . =     2

    NODE       DIRECTION      LOAD
   NUMBER                   MAGNITUDE
      3            2       -5.00000e+03
      6            2       -5.00000e+03

 E L E M E N T   G R O U P   D A T A


 E L E M E N T   D E F I N I T I O N

 ELEMENT TYPE  . . . . . . . . . . . . .( NPAR(1) ) . . =    2
     EQ.1, TRUSS ELEMENTS
     EQ.2, ELEMENTS CURRENTLY
     EQ.3, NOT AVAILABLE

 NUMBER OF ELEMENTS. . . . . . . . . . .( NPAR(2) ) . . =    2


*** DEBUG: Entering AssembleStiffnessMatrix... ***
*** DEBUG: Processing Element Group 1/1 ***
*** DEBUG: Number of elements in this group: 2 ***
*** DEBUG: Processing Element 1/2 in group 1 ***
*** DEBUG: Element stiffness matrix size: 36 ***
*** DEBUG: Allocated temporary kes array. ***
*** DEBUG: Calling ElementStiffness for element 1... ***
*** DEBUG: ElementStiffness for element 1 returned. ***
*** DEBUG: Calling Assembly for element 1... ***
*** DEBUG: Assembly for element 1 returned. ***
*** DEBUG: Deallocated temporary kes array for element 1. ***
*** DEBUG: Processing Element 2/2 in group 1 ***
*** DEBUG: Element stiffness matrix size: 36 ***
*** DEBUG: Allocated temporary kes array. ***
*** DEBUG: Calling ElementStiffness for element 2... ***
*** DEBUG: ElementStiffness for element 2 returned. ***
*** DEBUG: Calling Assembly for element 2... ***
*** DEBUG: Assembly for element 2 returned. ***
*** DEBUG: Deallocated temporary kes array for element 2. ***

*** DEBUG: Exiting AssembleStiffnessMatrix. ***
 LOAD CASE    1


 D I S P L A C E M E N T S

  NODE           X-DISPLACEMENT    Y-DISPLACEMENT    Z-DISPLACEMENT
    1               0.00000e+00       0.00000e+00       0.00000e+00
    2               2.79465e-08      -2.79140e-07       0.00000e+00
    3              -1.96920e-07       3.32376e-07       0.00000e+00
    4               0.00000e+00       0.00000e+00       0.00000e+00
    5              -2.85175e-07       3.32976e-08       0.00000e+00
    6               6.82961e-07      -1.04670e-07       0.00000e+00

 S T R E S S  C A L C U L A T I O N S  F O R  E L E M E N T  G R O U P    1

  ELEMENT    GP    Sigma_X    Sigma_Y    Tau_XY     Eps_X      Eps_Y      Gam_XY
  NUMBER
  ----------------------------------------------------------------------------------
    1      1 2.67319e+02 1.40071e+03-8.36871e+02-7.64477e-09 6.60259e-08-1.08793e-07
           2 1.45668e+03 5.36525e+03-2.22749e+03-7.64477e-09 2.46412e-07-2.89574e-07
           3 6.62037e+02 5.12685e+03-1.94998e+03-4.38009e-08 2.46412e-07-2.53497e-07
           4-5.27322e+02 1.16232e+03-5.59354e+02-4.38009e-08 6.60259e-08-7.27160e-08
      AvgVM:  3.94471e+03
    2      1 1.13549e+03 3.42172e+03 2.27814e+02 5.44888e-09 1.54054e-07 2.96159e-08
           2-1.71757e+03-6.08849e+03 5.52612e+03 5.44888e-09-2.78661e-07 7.18396e-07
           3 1.31004e+03-5.18021e+03 4.86041e+03 1.43205e-07-2.78661e-07 6.31853e-07
           4 4.16310e+03 4.33000e+03-4.37900e+02 1.43205e-07 1.54054e-07-5.69270e-08
      AvgVM:  7.16856e+03


> Generating VTK file for post-processing...
> VTK file "D:\大三\有限元\STAPpp-master\STAPpp-master\data\cantilever_1×2_q4.vtk" generated successfully.

 S O L U T I O N   T I M E   L O G   I N   S E C 

     TIME FOR INPUT PHASE = 3.90000e-02
     TIME FOR CALCULATION OF STIFFNESS MATRIX = 2.40000e-02
     TIME FOR FACTORIZATION AND LOAD CASE SOLUTIONS = 1.70000e-02

     T O T A L   S O L U T I O N   T I M E = 8.00000e-02

