TITLE : Simple Cantilever Beam Test with 2x2 Q4 Elements
        (22:23:31 on June 12, 2025, Thursday)

C O N T R O L   I N F O R M A T I O N

      NUMBER OF NODAL POINTS . . . . . . . . . . (NUMNP)  =     9
      NUMBER OF ELEMENT GROUPS . . . . . . . . . (NUMEG)  =     1
      NUMBER OF LOAD CASES . . . . . . . . . . . (NLCASE) =     1
      SOLUTION MODE  . . . . . . . . . . . . . . (MODEX)  =     1
         EQ.0, DATA CHECK
         EQ.1, EXECUTION

 N O D A L   P O I N T   D A T A

    NODE       BOUNDARY                         NODAL POINT
   NUMBER  CONDITION  CODES                     COORDINATES
        1    1    1    1       0.00000e+00    0.00000e+00    0.00000e+00
        2    0    0    1       5.00000e+00    0.00000e+00    0.00000e+00
        3    0    0    1       1.00000e+01    0.00000e+00    0.00000e+00
        4    1    1    1       0.00000e+00    5.00000e-01    0.00000e+00
        5    0    0    1       5.00000e+00    5.00000e-01    0.00000e+00
        6    0    0    1       1.00000e+01    5.00000e-01    0.00000e+00
        7    1    1    1       0.00000e+00    1.00000e+00    0.00000e+00
        8    0    0    1       5.00000e+00    1.00000e+00    0.00000e+00
        9    0    0    1       1.00000e+01    1.00000e+00    0.00000e+00

 EQUATION NUMBERS

   NODE NUMBER   DEGREES OF FREEDOM
        N           X    Y    Z
        1           0    0    0
        2           1    2    0
        3           3    4    0
        4           0    0    0
        5           5    6    0
        6           7    8    0
        7           0    0    0
        8           9   10    0
        9          11   12    0

 L O A D   C A S E   D A T A

     LOAD CASE NUMBER . . . . . . . =     1
     NUMBER OF CONCENTRATED LOADS . =     1

    NODE       DIRECTION      LOAD
   NUMBER                   MAGNITUDE
      6            2       -1.00000e+04

 E L E M E N T   G R O U P   D A T A


 E L E M E N T   D E F I N I T I O N

 ELEMENT TYPE  . . . . . . . . . . . . .( NPAR(1) ) . . =    2
     EQ.1, TRUSS ELEMENTS
     EQ.2, ELEMENTS CURRENTLY
     EQ.3, NOT AVAILABLE

 NUMBER OF ELEMENTS. . . . . . . . . . .( NPAR(2) ) . . =    4


*** DEBUG: Entering AssembleStiffnessMatrix... ***
*** DEBUG: Processing Element Group 1/1 ***
*** DEBUG: Number of elements in this group: 4 ***
*** DEBUG: Processing Element 1/4 in group 1 ***
*** DEBUG: Element stiffness matrix size: 36 ***
*** DEBUG: Allocated temporary kes array. ***
*** DEBUG: Calling ElementStiffness for element 1... ***
*** DEBUG: ElementStiffness for element 1 returned. ***
*** DEBUG: Calling Assembly for element 1... ***
*** DEBUG: Assembly for element 1 returned. ***
*** DEBUG: Deallocated temporary kes array for element 1. ***
*** DEBUG: Processing Element 2/4 in group 1 ***
*** DEBUG: Element stiffness matrix size: 36 ***
*** DEBUG: Allocated temporary kes array. ***
*** DEBUG: Calling ElementStiffness for element 2... ***
*** DEBUG: ElementStiffness for element 2 returned. ***
*** DEBUG: Calling Assembly for element 2... ***
*** DEBUG: Assembly for element 2 returned. ***
*** DEBUG: Deallocated temporary kes array for element 2. ***
*** DEBUG: Processing Element 3/4 in group 1 ***
*** DEBUG: Element stiffness matrix size: 36 ***
*** DEBUG: Allocated temporary kes array. ***
*** DEBUG: Calling ElementStiffness for element 3... ***
*** DEBUG: ElementStiffness for element 3 returned. ***
*** DEBUG: Calling Assembly for element 3... ***
*** DEBUG: Assembly for element 3 returned. ***
*** DEBUG: Deallocated temporary kes array for element 3. ***
*** DEBUG: Processing Element 4/4 in group 1 ***
*** DEBUG: Element stiffness matrix size: 36 ***
*** DEBUG: Allocated temporary kes array. ***
*** DEBUG: Calling ElementStiffness for element 4... ***
*** DEBUG: ElementStiffness for element 4 returned. ***
*** DEBUG: Calling Assembly for element 4... ***
*** DEBUG: Assembly for element 4 returned. ***
*** DEBUG: Deallocated temporary kes array for element 4. ***

*** DEBUG: Exiting AssembleStiffnessMatrix. ***
 LOAD CASE    1


 D I S P L A C E M E N T S

  NODE           X-DISPLACEMENT    Y-DISPLACEMENT    Z-DISPLACEMENT
    1               0.00000e+00       0.00000e+00       0.00000e+00
    2              -1.05387e-05      -5.92774e-05       0.00000e+00
    3              -1.40685e-05      -1.88711e-04       0.00000e+00
    4               0.00000e+00       0.00000e+00       0.00000e+00
    5              -4.06046e-20      -5.91097e-05       0.00000e+00
    6              -5.42101e-20      -1.88749e-04       0.00000e+00
    7               0.00000e+00       0.00000e+00       0.00000e+00
    8               1.05387e-05      -5.92774e-05       0.00000e+00
    9               1.40685e-05      -1.88711e-04       0.00000e+00

 S T R E S S  C A L C U L A T I O N S  F O R  E L E M E N T  G R O U P    1

  ELEMENT    GP    Sigma_X    Sigma_Y    Tau_XY     Eps_X      Eps_Y      Gam_XY
  NUMBER
  ----------------------------------------------------------------------------------
    1      1-3.60672e+04-9.40259e+03-5.68785e+04-1.66232e-06 7.08788e-08-7.39420e-06
           2-3.47904e+04-5.14667e+03 3.67295e+04-1.66232e-06 2.64523e-07 4.77484e-06
           3-8.04529e+03 2.87688e+03 3.68785e+04-4.45418e-07 2.64523e-07 4.79420e-06
           4-9.32207e+03-1.37905e+03-5.67295e+04-4.45418e-07 7.08788e-08-7.37484e-06
      AvgVM:  8.46066e+04
    2      1-1.05998e+04 1.78617e+03-2.55851e+04-5.56780e-07 2.48305e-07-3.32606e-06
           2-1.21687e+04-3.44360e+03 5.76811e+03-5.56780e-07 1.03500e-08 7.49855e-07
           3-3.21063e+03-7.56189e+02 5.58507e+03-1.49189e-07 1.03500e-08 7.26059e-07
           4-1.64170e+03 4.47358e+03-2.57681e+04-1.49189e-07 2.48305e-07-3.34985e-06
      AvgVM:  2.89086e+04
    3      1 9.32207e+03 1.37905e+03-5.67295e+04 4.45418e-07-7.08788e-08-7.37484e-06
           2 8.04529e+03-2.87688e+03 3.68785e+04 4.45418e-07-2.64523e-07 4.79420e-06
           3 3.47904e+04 5.14667e+03 3.67295e+04 1.66232e-06-2.64523e-07 4.77484e-06
           4 3.60672e+04 9.40259e+03-5.68785e+04 1.66232e-06-7.08788e-08-7.39420e-06
      AvgVM:  8.46066e+04
    4      1 1.64170e+03-4.47358e+03-2.57681e+04 1.49189e-07-2.48305e-07-3.34985e-06
           2 3.21063e+03 7.56189e+02 5.58507e+03 1.49189e-07-1.03500e-08 7.26059e-07
           3 1.21687e+04 3.44360e+03 5.76811e+03 5.56780e-07-1.03500e-08 7.49855e-07
           4 1.05998e+04-1.78617e+03-2.55851e+04 5.56780e-07-2.48305e-07-3.32606e-06
      AvgVM:  2.89086e+04


> Generating VTK file for post-processing...
> VTK file "D:\大三\有限元\STAPpp-master\STAPpp-master\data\cantilever_2x2_q4.vtk" generated successfully.

 S O L U T I O N   T I M E   L O G   I N   S E C 

     TIME FOR INPUT PHASE = 3.70000e-02
     TIME FOR CALCULATION OF STIFFNESS MATRIX = 4.50000e-02
     TIME FOR FACTORIZATION AND LOAD CASE SOLUTIONS = 2.60000e-02

     T O T A L   S O L U T I O N   T I M E = 1.08000e-01

